build/app/intermediates/manifest_merge_blame_file/debug/manifest-merger-blame-debug-report.txt
1<?xml version="1.0" encoding="utf-8"?>
2<manifest xmlns:android="http://schemas.android.com/apk/res/android"
3    package="com.example.project"
4    android:versionCode="1"
5    android:versionName="1.0.0" >
6
7    <uses-sdk
8        android:minSdkVersion="21"
9        android:targetSdkVersion="34" />
10    <!--
11         The INTERNET permission is required for development. Specifically,
12         the Flutter tool needs it to communicate with the running application
13         to allow setting breakpoints, to provide hot reload, etc.
14    -->
15    <uses-permission android:name="android.permission.INTERNET" />
15-->src\main\AndroidManifest.xml:9:5-67
15-->src\main\AndroidManifest.xml:9:22-64
16
17    <uses-feature
17-->src\main\AndroidManifest.xml:3:5-5:36
18        android:name="android.hardware.camera"
18-->src\main\AndroidManifest.xml:4:9-47
19        android:required="false" />
19-->src\main\AndroidManifest.xml:5:9-33
20
21    <uses-permission android:name="android.permission.READ_CONTACTS" />
21-->src\main\AndroidManifest.xml:7:5-72
21-->src\main\AndroidManifest.xml:7:22-69
22    <uses-permission android:name="android.permission.WRITE_CONTACTS" />
22-->src\main\AndroidManifest.xml:8:5-73
22-->src\main\AndroidManifest.xml:8:22-70
23    <uses-permission android:name="android.permission.WRITE_EXTERNAL_STORAGE" />
23-->src\main\AndroidManifest.xml:10:5-80
23-->src\main\AndroidManifest.xml:10:22-78
24    <uses-permission android:name="android.permission.READ_EXTERNAL_STORAGE" />
24-->src\main\AndroidManifest.xml:11:5-79
24-->src\main\AndroidManifest.xml:11:22-77
25    <uses-permission android:name="android.permission.CAMERA" />
25-->src\main\AndroidManifest.xml:12:5-65
25-->src\main\AndroidManifest.xml:12:22-62
26    <!--
27 Required to query activities that can process text, see:
28         https://developer.android.com/training/package-visibility and
29         https://developer.android.com/reference/android/content/Intent#ACTION_PROCESS_TEXT.
30
31         In particular, this is used by the Flutter engine in io.flutter.plugin.text.ProcessTextPlugin.
32    -->
33    <queries>
33-->src\main\AndroidManifest.xml:51:5-56:15
34        <intent>
34-->src\main\AndroidManifest.xml:52:9-55:18
35            <action android:name="android.intent.action.PROCESS_TEXT" />
35-->src\main\AndroidManifest.xml:53:13-72
35-->src\main\AndroidManifest.xml:53:21-70
36
37            <data android:mimeType="text/plain" />
37-->src\main\AndroidManifest.xml:54:13-50
37-->src\main\AndroidManifest.xml:54:19-48
38        </intent>
39    </queries> <!-- Although the *SdkVersion is captured in gradle build files, this is required for non gradle builds -->
40    <!-- <uses-sdk android:minSdkVersion="14" /> -->
41    <uses-permission android:name="android.permission.ACCESS_NETWORK_STATE" />
41-->[com.google.firebase:firebase-firestore:24.11.1] AndroidManifest.xml:10:5-79
41-->[com.google.firebase:firebase-firestore:24.11.1] AndroidManifest.xml:10:22-76
42    <uses-permission android:name="com.google.android.providers.gsf.permission.READ_GSERVICES" />
42-->[com.google.android.recaptcha:recaptcha:18.4.0] AndroidManifest.xml:9:5-98
42-->[com.google.android.recaptcha:recaptcha:18.4.0] AndroidManifest.xml:9:22-95
43
44    <permission
44-->[androidx.core:core:1.10.1] AndroidManifest.xml:22:5-24:47
45        android:name="com.example.project.DYNAMIC_RECEIVER_NOT_EXPORTED_PERMISSION"
45-->[androidx.core:core:1.10.1] AndroidManifest.xml:23:9-81
46        android:protectionLevel="signature" />
46-->[androidx.core:core:1.10.1] AndroidManifest.xml:24:9-44
47
48    <uses-permission android:name="com.example.project.DYNAMIC_RECEIVER_NOT_EXPORTED_PERMISSION" />
48-->[androidx.core:core:1.10.1] AndroidManifest.xml:26:5-97
48-->[androidx.core:core:1.10.1] AndroidManifest.xml:26:22-94
49
50    <application
51        android:name="android.app.Application"
52        android:appComponentFactory="androidx.core.app.CoreComponentFactory"
52-->[androidx.core:core:1.10.1] AndroidManifest.xml:28:18-86
53        android:debuggable="true"
54        android:icon="@mipmap/ic_launcher"
55        android:label="project" >
56        <activity
57            android:name="com.example.project.MainActivity"
58            android:configChanges="orientation|keyboardHidden|keyboard|screenSize|smallestScreenSize|locale|layoutDirection|fontScale|screenLayout|density|uiMode"
59            android:exported="true"
60            android:hardwareAccelerated="true"
61            android:launchMode="singleTop"
62            android:taskAffinity=""
63            android:theme="@style/LaunchTheme"
64            android:windowSoftInputMode="adjustResize" >
65
66            <!--
67                 Specifies an Android theme to apply to this Activity as soon as
68                 the Android process has started. This theme is visible to the user
69                 while the Flutter UI initializes. After that, this theme continues
70                 to determine the Window background behind the Flutter UI.
71            -->
72            <meta-data
73                android:name="io.flutter.embedding.android.NormalTheme"
74                android:resource="@style/NormalTheme" />
75
76            <intent-filter>
77                <action android:name="android.intent.action.MAIN" />
78
79                <category android:name="android.intent.category.LAUNCHER" />
80            </intent-filter>
81        </activity>
82        <!--
83             Don't delete the meta-data below.
84             This is used by the Flutter tool to generate GeneratedPluginRegistrant.java
85        -->
86        <meta-data
87            android:name="flutterEmbedding"
88            android:value="2" />
89
90        <service
90-->[:cloud_firestore] AndroidManifest.xml:10:9-14:19
91            android:name="com.google.firebase.components.ComponentDiscoveryService"
91-->[:cloud_firestore] AndroidManifest.xml:10:18-89
92            android:directBootAware="true"
92-->[com.google.firebase:firebase-common:20.4.3] AndroidManifest.xml:32:13-43
93            android:exported="false" >
93-->[com.google.firebase:firebase-firestore:24.11.1] AndroidManifest.xml:16:13-37
94            <meta-data
94-->[:cloud_firestore] AndroidManifest.xml:11:13-13:85
95                android:name="com.google.firebase.components:io.flutter.plugins.firebase.firestore.FlutterFirebaseFirestoreRegistrar"
95-->[:cloud_firestore] AndroidManifest.xml:12:17-134
96                android:value="com.google.firebase.components.ComponentRegistrar" />
96-->[:cloud_firestore] AndroidManifest.xml:13:17-82
97            <meta-data
97-->[:firebase_auth] AndroidManifest.xml:11:13-13:85
98                android:name="com.google.firebase.components:io.flutter.plugins.firebase.auth.FlutterFirebaseAuthRegistrar"
98-->[:firebase_auth] AndroidManifest.xml:12:17-124
99                android:value="com.google.firebase.components.ComponentRegistrar" />
99-->[:firebase_auth] AndroidManifest.xml:13:17-82
100            <meta-data
100-->[:firebase_storage] AndroidManifest.xml:11:13-13:85
101                android:name="com.google.firebase.components:io.flutter.plugins.firebase.storage.FlutterFirebaseAppRegistrar"
101-->[:firebase_storage] AndroidManifest.xml:12:17-126
102                android:value="com.google.firebase.components.ComponentRegistrar" />
102-->[:firebase_storage] AndroidManifest.xml:13:17-82
103            <meta-data
103-->[:firebase_core] AndroidManifest.xml:11:13-13:85
104                android:name="com.google.firebase.components:io.flutter.plugins.firebase.core.FlutterFirebaseCoreRegistrar"
104-->[:firebase_core] AndroidManifest.xml:12:17-124
105                android:value="com.google.firebase.components.ComponentRegistrar" />
105-->[:firebase_core] AndroidManifest.xml:13:17-82
106            <meta-data
106-->[com.google.firebase:firebase-firestore:24.11.1] AndroidManifest.xml:17:13-19:85
107                android:name="com.google.firebase.components:com.google.firebase.firestore.FirebaseFirestoreKtxRegistrar"
107-->[com.google.firebase:firebase-firestore:24.11.1] AndroidManifest.xml:18:17-122
108                android:value="com.google.firebase.components.ComponentRegistrar" />
108-->[com.google.firebase:firebase-firestore:24.11.1] AndroidManifest.xml:19:17-82
109            <meta-data
109-->[com.google.firebase:firebase-firestore:24.11.1] AndroidManifest.xml:20:13-22:85
110                android:name="com.google.firebase.components:com.google.firebase.firestore.FirestoreRegistrar"
110-->[com.google.firebase:firebase-firestore:24.11.1] AndroidManifest.xml:21:17-111
111                android:value="com.google.firebase.components.ComponentRegistrar" />
111-->[com.google.firebase:firebase-firestore:24.11.1] AndroidManifest.xml:22:17-82
112            <meta-data
112-->[com.google.firebase:firebase-auth:22.3.1] AndroidManifest.xml:69:13-71:85
113                android:name="com.google.firebase.components:com.google.firebase.auth.FirebaseAuthRegistrar"
113-->[com.google.firebase:firebase-auth:22.3.1] AndroidManifest.xml:70:17-109
114                android:value="com.google.firebase.components.ComponentRegistrar" />
114-->[com.google.firebase:firebase-auth:22.3.1] AndroidManifest.xml:71:17-82
115            <meta-data
115-->[com.google.firebase:firebase-storage:20.3.0] AndroidManifest.xml:30:13-32:85
116                android:name="com.google.firebase.components:com.google.firebase.storage.FirebaseStorageKtxRegistrar"
116-->[com.google.firebase:firebase-storage:20.3.0] AndroidManifest.xml:31:17-118
117                android:value="com.google.firebase.components.ComponentRegistrar" />
117-->[com.google.firebase:firebase-storage:20.3.0] AndroidManifest.xml:32:17-82
118            <meta-data
118-->[com.google.firebase:firebase-storage:20.3.0] AndroidManifest.xml:33:13-35:85
119                android:name="com.google.firebase.components:com.google.firebase.storage.StorageRegistrar"
119-->[com.google.firebase:firebase-storage:20.3.0] AndroidManifest.xml:34:17-107
120                android:value="com.google.firebase.components.ComponentRegistrar" />
120-->[com.google.firebase:firebase-storage:20.3.0] AndroidManifest.xml:35:17-82
121            <meta-data
121-->[com.google.firebase:firebase-appcheck:17.1.2] AndroidManifest.xml:25:13-27:85
122                android:name="com.google.firebase.components:com.google.firebase.appcheck.FirebaseAppCheckKtxRegistrar"
122-->[com.google.firebase:firebase-appcheck:17.1.2] AndroidManifest.xml:26:17-120
123                android:value="com.google.firebase.components.ComponentRegistrar" />
123-->[com.google.firebase:firebase-appcheck:17.1.2] AndroidManifest.xml:27:17-82
124            <meta-data
124-->[com.google.firebase:firebase-appcheck:17.1.2] AndroidManifest.xml:28:13-30:85
125                android:name="com.google.firebase.components:com.google.firebase.appcheck.FirebaseAppCheckRegistrar"
125-->[com.google.firebase:firebase-appcheck:17.1.2] AndroidManifest.xml:29:17-117
126                android:value="com.google.firebase.components.ComponentRegistrar" />
126-->[com.google.firebase:firebase-appcheck:17.1.2] AndroidManifest.xml:30:17-82
127            <meta-data
127-->[com.google.firebase:firebase-common-ktx:20.4.3] AndroidManifest.xml:12:13-14:85
128                android:name="com.google.firebase.components:com.google.firebase.ktx.FirebaseCommonLegacyRegistrar"
128-->[com.google.firebase:firebase-common-ktx:20.4.3] AndroidManifest.xml:13:17-116
129                android:value="com.google.firebase.components.ComponentRegistrar" />
129-->[com.google.firebase:firebase-common-ktx:20.4.3] AndroidManifest.xml:14:17-82
130            <meta-data
130-->[com.google.firebase:firebase-common:20.4.3] AndroidManifest.xml:35:13-37:85
131                android:name="com.google.firebase.components:com.google.firebase.FirebaseCommonKtxRegistrar"
131-->[com.google.firebase:firebase-common:20.4.3] AndroidManifest.xml:36:17-109
132                android:value="com.google.firebase.components.ComponentRegistrar" />
132-->[com.google.firebase:firebase-common:20.4.3] AndroidManifest.xml:37:17-82
133        </service>
134
135        <provider
135-->[:image_picker_android] AndroidManifest.xml:11:9-19:20
136            android:name="io.flutter.plugins.imagepicker.ImagePickerFileProvider"
136-->[:image_picker_android] AndroidManifest.xml:12:13-82
137            android:authorities="com.example.project.flutter.image_provider"
137-->[:image_picker_android] AndroidManifest.xml:13:13-74
138            android:exported="false"
138-->[:image_picker_android] AndroidManifest.xml:14:13-37
139            android:grantUriPermissions="true" >
139-->[:image_picker_android] AndroidManifest.xml:15:13-47
140            <meta-data
140-->[:image_picker_android] AndroidManifest.xml:16:13-18:75
141                android:name="android.support.FILE_PROVIDER_PATHS"
141-->[:image_picker_android] AndroidManifest.xml:17:17-67
142                android:resource="@xml/flutter_image_picker_file_paths" />
142-->[:image_picker_android] AndroidManifest.xml:18:17-72
143        </provider> <!-- Trigger Google Play services to install the backported photo picker module. -->
144        <service
144-->[:image_picker_android] AndroidManifest.xml:21:9-33:19
145            android:name="com.google.android.gms.metadata.ModuleDependencies"
145-->[:image_picker_android] AndroidManifest.xml:22:13-78
146            android:enabled="false"
146-->[:image_picker_android] AndroidManifest.xml:23:13-36
147            android:exported="false" >
147-->[:image_picker_android] AndroidManifest.xml:24:13-37
148            <intent-filter>
148-->[:image_picker_android] AndroidManifest.xml:26:13-28:29
149                <action android:name="com.google.android.gms.metadata.MODULE_DEPENDENCIES" />
149-->[:image_picker_android] AndroidManifest.xml:27:17-94
149-->[:image_picker_android] AndroidManifest.xml:27:25-91
150            </intent-filter>
151
152            <meta-data
152-->[:image_picker_android] AndroidManifest.xml:30:13-32:36
153                android:name="photopicker_activity:0:required"
153-->[:image_picker_android] AndroidManifest.xml:31:17-63
154                android:value="" />
154-->[:image_picker_android] AndroidManifest.xml:32:17-33
155        </service>
156
157        <activity
157-->[com.google.firebase:firebase-auth:22.3.1] AndroidManifest.xml:29:9-46:20
158            android:name="com.google.firebase.auth.internal.GenericIdpActivity"
158-->[com.google.firebase:firebase-auth:22.3.1] AndroidManifest.xml:30:13-80
159            android:excludeFromRecents="true"
159-->[com.google.firebase:firebase-auth:22.3.1] AndroidManifest.xml:31:13-46
160            android:exported="true"
160-->[com.google.firebase:firebase-auth:22.3.1] AndroidManifest.xml:32:13-36
161            android:launchMode="singleTask"
161-->[com.google.firebase:firebase-auth:22.3.1] AndroidManifest.xml:33:13-44
162            android:theme="@android:style/Theme.Translucent.NoTitleBar" >
162-->[com.google.firebase:firebase-auth:22.3.1] AndroidManifest.xml:34:13-72
163            <intent-filter>
163-->[com.google.firebase:firebase-auth:22.3.1] AndroidManifest.xml:35:13-45:29
164                <action android:name="android.intent.action.VIEW" />
164-->[com.google.firebase:firebase-auth:22.3.1] AndroidManifest.xml:36:17-69
164-->[com.google.firebase:firebase-auth:22.3.1] AndroidManifest.xml:36:25-66
165
166                <category android:name="android.intent.category.DEFAULT" />
166-->[com.google.firebase:firebase-auth:22.3.1] AndroidManifest.xml:38:17-76
166-->[com.google.firebase:firebase-auth:22.3.1] AndroidManifest.xml:38:27-73
167                <category android:name="android.intent.category.BROWSABLE" />
167-->[com.google.firebase:firebase-auth:22.3.1] AndroidManifest.xml:39:17-78
167-->[com.google.firebase:firebase-auth:22.3.1] AndroidManifest.xml:39:27-75
168
169                <data
169-->src\main\AndroidManifest.xml:54:13-50
170                    android:host="firebase.auth"
171                    android:path="/"
172                    android:scheme="genericidp" />
173            </intent-filter>
174        </activity>
175        <activity
175-->[com.google.firebase:firebase-auth:22.3.1] AndroidManifest.xml:47:9-64:20
176            android:name="com.google.firebase.auth.internal.RecaptchaActivity"
176-->[com.google.firebase:firebase-auth:22.3.1] AndroidManifest.xml:48:13-79
177            android:excludeFromRecents="true"
177-->[com.google.firebase:firebase-auth:22.3.1] AndroidManifest.xml:49:13-46
178            android:exported="true"
178-->[com.google.firebase:firebase-auth:22.3.1] AndroidManifest.xml:50:13-36
179            android:launchMode="singleTask"
179-->[com.google.firebase:firebase-auth:22.3.1] AndroidManifest.xml:51:13-44
180            android:theme="@android:style/Theme.Translucent.NoTitleBar" >
180-->[com.google.firebase:firebase-auth:22.3.1] AndroidManifest.xml:52:13-72
181            <intent-filter>
181-->[com.google.firebase:firebase-auth:22.3.1] AndroidManifest.xml:53:13-63:29
182                <action android:name="android.intent.action.VIEW" />
182-->[com.google.firebase:firebase-auth:22.3.1] AndroidManifest.xml:36:17-69
182-->[com.google.firebase:firebase-auth:22.3.1] AndroidManifest.xml:36:25-66
183
184                <category android:name="android.intent.category.DEFAULT" />
184-->[com.google.firebase:firebase-auth:22.3.1] AndroidManifest.xml:38:17-76
184-->[com.google.firebase:firebase-auth:22.3.1] AndroidManifest.xml:38:27-73
185                <category android:name="android.intent.category.BROWSABLE" />
185-->[com.google.firebase:firebase-auth:22.3.1] AndroidManifest.xml:39:17-78
185-->[com.google.firebase:firebase-auth:22.3.1] AndroidManifest.xml:39:27-75
186
187                <data
187-->src\main\AndroidManifest.xml:54:13-50
188                    android:host="firebase.auth"
189                    android:path="/"
190                    android:scheme="recaptcha" />
191            </intent-filter>
192        </activity>
193
194        <provider
194-->[com.google.firebase:firebase-common:20.4.3] AndroidManifest.xml:23:9-28:39
195            android:name="com.google.firebase.provider.FirebaseInitProvider"
195-->[com.google.firebase:firebase-common:20.4.3] AndroidManifest.xml:24:13-77
196            android:authorities="com.example.project.firebaseinitprovider"
196-->[com.google.firebase:firebase-common:20.4.3] AndroidManifest.xml:25:13-72
197            android:directBootAware="true"
197-->[com.google.firebase:firebase-common:20.4.3] AndroidManifest.xml:26:13-43
198            android:exported="false"
198-->[com.google.firebase:firebase-common:20.4.3] AndroidManifest.xml:27:13-37
199            android:initOrder="100" />
199-->[com.google.firebase:firebase-common:20.4.3] AndroidManifest.xml:28:13-36
200
201        <activity
201-->[com.google.android.gms:play-services-base:18.1.0] AndroidManifest.xml:20:9-22:45
202            android:name="com.google.android.gms.common.api.GoogleApiActivity"
202-->[com.google.android.gms:play-services-base:18.1.0] AndroidManifest.xml:20:19-85
203            android:exported="false"
203-->[com.google.android.gms:play-services-base:18.1.0] AndroidManifest.xml:22:19-43
204            android:theme="@android:style/Theme.Translucent.NoTitleBar" />
204-->[com.google.android.gms:play-services-base:18.1.0] AndroidManifest.xml:21:19-78
205
206        <meta-data
206-->[com.google.android.gms:play-services-basement:18.3.0] AndroidManifest.xml:21:9-23:69
207            android:name="com.google.android.gms.version"
207-->[com.google.android.gms:play-services-basement:18.3.0] AndroidManifest.xml:22:13-58
208            android:value="@integer/google_play_services_version" />
208-->[com.google.android.gms:play-services-basement:18.3.0] AndroidManifest.xml:23:13-66
209
210        <uses-library
210-->[androidx.window:window:1.0.0-beta04] AndroidManifest.xml:25:9-27:40
211            android:name="androidx.window.extensions"
211-->[androidx.window:window:1.0.0-beta04] AndroidManifest.xml:26:13-54
212            android:required="false" />
212-->[androidx.window:window:1.0.0-beta04] AndroidManifest.xml:27:13-37
213        <uses-library
213-->[androidx.window:window:1.0.0-beta04] AndroidManifest.xml:28:9-30:40
214            android:name="androidx.window.sidecar"
214-->[androidx.window:window:1.0.0-beta04] AndroidManifest.xml:29:13-51
215            android:required="false" />
215-->[androidx.window:window:1.0.0-beta04] AndroidManifest.xml:30:13-37
216
217        <provider
217-->[androidx.profileinstaller:profileinstaller:1.3.0] AndroidManifest.xml:24:9-32:20
218            android:name="androidx.startup.InitializationProvider"
218-->[androidx.profileinstaller:profileinstaller:1.3.0] AndroidManifest.xml:25:13-67
219            android:authorities="com.example.project.androidx-startup"
219-->[androidx.profileinstaller:profileinstaller:1.3.0] AndroidManifest.xml:26:13-68
220            android:exported="false" >
220-->[androidx.profileinstaller:profileinstaller:1.3.0] AndroidManifest.xml:27:13-37
221            <meta-data
221-->[androidx.profileinstaller:profileinstaller:1.3.0] AndroidManifest.xml:29:13-31:52
222                android:name="androidx.profileinstaller.ProfileInstallerInitializer"
222-->[androidx.profileinstaller:profileinstaller:1.3.0] AndroidManifest.xml:30:17-85
223                android:value="androidx.startup" />
223-->[androidx.profileinstaller:profileinstaller:1.3.0] AndroidManifest.xml:31:17-49
224        </provider>
225
226        <receiver
226-->[androidx.profileinstaller:profileinstaller:1.3.0] AndroidManifest.xml:34:9-52:20
227            android:name="androidx.profileinstaller.ProfileInstallReceiver"
227-->[androidx.profileinstaller:profileinstaller:1.3.0] AndroidManifest.xml:35:13-76
228            android:directBootAware="false"
228-->[androidx.profileinstaller:profileinstaller:1.3.0] AndroidManifest.xml:36:13-44
229            android:enabled="true"
229-->[androidx.profileinstaller:profileinstaller:1.3.0] AndroidManifest.xml:37:13-35
230            android:exported="true"
230-->[androidx.profileinstaller:profileinstaller:1.3.0] AndroidManifest.xml:38:13-36
231            android:permission="android.permission.DUMP" >
231-->[androidx.profileinstaller:profileinstaller:1.3.0] AndroidManifest.xml:39:13-57
232            <intent-filter>
232-->[androidx.profileinstaller:profileinstaller:1.3.0] AndroidManifest.xml:40:13-42:29
233                <action android:name="androidx.profileinstaller.action.INSTALL_PROFILE" />
233-->[androidx.profileinstaller:profileinstaller:1.3.0] AndroidManifest.xml:41:17-91
233-->[androidx.profileinstaller:profileinstaller:1.3.0] AndroidManifest.xml:41:25-88
234            </intent-filter>
235            <intent-filter>
235-->[androidx.profileinstaller:profileinstaller:1.3.0] AndroidManifest.xml:43:13-45:29
236                <action android:name="androidx.profileinstaller.action.SKIP_FILE" />
236-->[androidx.profileinstaller:profileinstaller:1.3.0] AndroidManifest.xml:44:17-85
236-->[androidx.profileinstaller:profileinstaller:1.3.0] AndroidManifest.xml:44:25-82
237            </intent-filter>
238            <intent-filter>
238-->[androidx.profileinstaller:profileinstaller:1.3.0] AndroidManifest.xml:46:13-48:29
239                <action android:name="androidx.profileinstaller.action.SAVE_PROFILE" />
239-->[androidx.profileinstaller:profileinstaller:1.3.0] AndroidManifest.xml:47:17-88
239-->[androidx.profileinstaller:profileinstaller:1.3.0] AndroidManifest.xml:47:25-85
240            </intent-filter>
241            <intent-filter>
241-->[androidx.profileinstaller:profileinstaller:1.3.0] AndroidManifest.xml:49:13-51:29
242                <action android:name="androidx.profileinstaller.action.BENCHMARK_OPERATION" />
242-->[androidx.profileinstaller:profileinstaller:1.3.0] AndroidManifest.xml:50:17-95
242-->[androidx.profileinstaller:profileinstaller:1.3.0] AndroidManifest.xml:50:25-92
243            </intent-filter>
244        </receiver>
245    </application>
246
247</manifest>